<?xml version="1.0" encoding="UTF-8"?>
<testng-results skipped="0" failed="0" ignored="0" total="1" passed="1">
  <reporter-output>
  </reporter-output>
  <suite name="Suite1" duration-ms="6975" started-at="2019-03-08T23:35:11Z" finished-at="2019-03-08T23:35:18Z">
    <groups>
    </groups>
    <test name="Regression1" duration-ms="6975" started-at="2019-03-08T23:35:11Z" finished-at="2019-03-08T23:35:18Z">
      <class name="tests.MyTest">
        <test-method status="PASS" signature="tearUp()[pri:0, instance:tests.MyTest@13fee20c]" name="tearUp" is-config="true" duration-ms="4565" started-at="2019-03-08T23:35:11Z" finished-at="2019-03-08T23:35:16Z">
          <reporter-output>
          </reporter-output>
        </test-method> <!-- tearUp -->
        <test-method status="PASS" signature="myTest()[pri:0, instance:tests.MyTest@13fee20c]" name="myTest" duration-ms="1779" started-at="2019-03-08T23:35:16Z" finished-at="2019-03-08T23:35:17Z">
          <reporter-output>
          </reporter-output>
        </test-method> <!-- myTest -->
        <test-method status="PASS" signature="tearDown()[pri:0, instance:tests.MyTest@13fee20c]" name="tearDown" is-config="true" duration-ms="613" started-at="2019-03-08T23:35:17Z" finished-at="2019-03-08T23:35:18Z">
          <reporter-output>
          </reporter-output>
        </test-method> <!-- tearDown -->
      </class> <!-- tests.MyTest -->
    </test> <!-- Regression1 -->
  </suite> <!-- Suite1 -->
</testng-results>
